app/build/intermediates/manifest_merge_blame_file/debug/manifest-merger-blame-debug-report.txt
1<?xml version="1.0" encoding="utf-8"?>
2<manifest xmlns:android="http://schemas.android.com/apk/res/android"
3    package="com.example.club"
4    android:versionCode="1"
5    android:versionName="1.0" >
6
7    <uses-sdk
8        android:minSdkVersion="19"
8-->src\main\AndroidManifest.xml
9        android:targetSdkVersion="30" />
9-->src\main\AndroidManifest.xml
10
11    <!-- Although the *SdkVersion is captured in gradle build files, this is required for non gradle builds -->
12    <!-- <uses-sdk android:minSdkVersion="14"/> -->
13    <uses-permission android:name="android.permission.ACCESS_NETWORK_STATE" />
13-->[com.google.firebase:firebase-database:19.7.0] AndroidManifest.xml:25:5-79
13-->[com.google.firebase:firebase-database:19.7.0] AndroidManifest.xml:25:22-76
14    <uses-permission android:name="android.permission.INTERNET" />
14-->[com.google.firebase:firebase-database:19.7.0] AndroidManifest.xml:26:5-67
14-->[com.google.firebase:firebase-database:19.7.0] AndroidManifest.xml:26:22-64
15
16    <application
16-->src\main\AndroidManifest.xml:5:5-37:19
17        android:allowBackup="true"
17-->src\main\AndroidManifest.xml:6:9-35
18        android:appComponentFactory="androidx.core.app.CoreComponentFactory"
18-->[androidx.core:core:1.3.1] AndroidManifest.xml:24:18-86
19        android:debuggable="true"
20        android:icon="@mipmap/ic_launcher"
20-->src\main\AndroidManifest.xml:7:9-43
21        android:label="@string/app_name"
21-->src\main\AndroidManifest.xml:8:9-41
22        android:roundIcon="@mipmap/ic_launcher_round"
22-->src\main\AndroidManifest.xml:9:9-54
23        android:supportsRtl="true"
23-->src\main\AndroidManifest.xml:10:9-35
24        android:testOnly="true"
25        android:theme="@style/Theme.Club" >
25-->src\main\AndroidManifest.xml:11:9-42
26        <activity android:name="com.example.club.Common.LoginSignup.MainActivity2" />
26-->src\main\AndroidManifest.xml:12:9-79
26-->src\main\AndroidManifest.xml:12:19-67
27        <activity android:name="com.example.club.Common.LoginSignup.MainActivity" />
27-->src\main\AndroidManifest.xml:13:9-69
27-->src\main\AndroidManifest.xml:13:19-66
28        <activity android:name="com.example.club.Common.LoginSignup.ForgetPasswordSuccessMessage" />
28-->src\main\AndroidManifest.xml:14:9-85
28-->src\main\AndroidManifest.xml:14:19-82
29        <activity android:name="com.example.club.Common.LoginSignup.SetNewPassword" />
29-->src\main\AndroidManifest.xml:15:9-71
29-->src\main\AndroidManifest.xml:15:19-68
30        <activity android:name="com.example.club.Common.LoginSignup.MakeSelection" />
30-->src\main\AndroidManifest.xml:16:9-70
30-->src\main\AndroidManifest.xml:16:19-67
31        <activity android:name="com.example.club.Common.LoginSignup.ForgetPassword" />
31-->src\main\AndroidManifest.xml:17:9-71
31-->src\main\AndroidManifest.xml:17:19-68
32        <activity android:name="com.example.club.Common.LoginSignup.VerifyOtp" />
32-->src\main\AndroidManifest.xml:18:9-66
32-->src\main\AndroidManifest.xml:18:19-63
33        <activity android:name="com.example.club.Common.LoginSignup.SignUp3rdClass" />
33-->src\main\AndroidManifest.xml:19:9-71
33-->src\main\AndroidManifest.xml:19:19-68
34        <activity android:name="com.example.club.Common.LoginSignup.SignUp2ndClass" />
34-->src\main\AndroidManifest.xml:20:9-71
34-->src\main\AndroidManifest.xml:20:19-68
35        <activity android:name="com.example.club.Common.LoginSignup.SignUp" />
35-->src\main\AndroidManifest.xml:21:9-63
35-->src\main\AndroidManifest.xml:21:19-60
36        <activity android:name="com.example.club.Common.LoginSignup.Login" />
36-->src\main\AndroidManifest.xml:22:9-62
36-->src\main\AndroidManifest.xml:22:19-59
37        <activity android:name="com.example.club.Common.LoginSignup.MemberStartUp_Screen" />
37-->src\main\AndroidManifest.xml:23:9-77
37-->src\main\AndroidManifest.xml:23:19-74
38        <activity android:name="com.example.club.User.Dashboard" />
38-->src\main\AndroidManifest.xml:24:9-52
38-->src\main\AndroidManifest.xml:24:19-49
39        <activity android:name="com.example.club.Common.OnBoarding" />
39-->src\main\AndroidManifest.xml:25:9-55
39-->src\main\AndroidManifest.xml:25:19-52
40        <activity android:name="com.example.club.Common.SplashScreen" >
40-->src\main\AndroidManifest.xml:26:9-32:20
40-->src\main\AndroidManifest.xml:26:19-54
41            <intent-filter>
41-->src\main\AndroidManifest.xml:27:13-31:29
42                <action android:name="android.intent.action.MAIN" />
42-->src\main\AndroidManifest.xml:28:17-69
42-->src\main\AndroidManifest.xml:28:25-66
43
44                <category android:name="android.intent.category.LAUNCHER" />
44-->src\main\AndroidManifest.xml:30:17-77
44-->src\main\AndroidManifest.xml:30:27-74
45            </intent-filter>
46        </activity>
47
48        <meta-data
48-->src\main\AndroidManifest.xml:34:9-36:57
49            android:name="preloaded_fonts"
49-->src\main\AndroidManifest.xml:35:13-43
50            android:resource="@array/preloaded_fonts" />
50-->src\main\AndroidManifest.xml:36:13-54
51
52        <service
52-->[com.google.firebase:firebase-database:19.7.0] AndroidManifest.xml:29:9-35:19
53            android:name="com.google.firebase.components.ComponentDiscoveryService"
53-->[com.google.firebase:firebase-database:19.7.0] AndroidManifest.xml:30:13-84
54            android:directBootAware="true"
54-->[com.google.firebase:firebase-common:19.5.0] AndroidManifest.xml:35:13-43
55            android:exported="false" >
55-->[com.google.firebase:firebase-database:19.7.0] AndroidManifest.xml:31:13-37
56            <meta-data
56-->[com.google.firebase:firebase-database:19.7.0] AndroidManifest.xml:32:13-34:85
57                android:name="com.google.firebase.components:com.google.firebase.database.DatabaseRegistrar"
57-->[com.google.firebase:firebase-database:19.7.0] AndroidManifest.xml:33:17-109
58                android:value="com.google.firebase.components.ComponentRegistrar" />
58-->[com.google.firebase:firebase-database:19.7.0] AndroidManifest.xml:34:17-82
59            <meta-data
59-->[com.google.firebase:firebase-auth:19.2.0] AndroidManifest.xml:36:13-38:85
60                android:name="com.google.firebase.components:com.google.firebase.auth.FirebaseAuthRegistrar"
60-->[com.google.firebase:firebase-auth:19.2.0] AndroidManifest.xml:37:17-109
61                android:value="com.google.firebase.components.ComponentRegistrar" />
61-->[com.google.firebase:firebase-auth:19.2.0] AndroidManifest.xml:38:17-82
62            <!--
63                This registrar is not defined in the dynamic-module-support sdk itself to allow non-firebase
64                clients to use it as well, by defining this registrar in their own core/common library.
65            -->
66            <meta-data
66-->[com.google.firebase:firebase-common:19.5.0] AndroidManifest.xml:43:13-45:85
67                android:name="com.google.firebase.components:com.google.firebase.dynamicloading.DynamicLoadingRegistrar"
67-->[com.google.firebase:firebase-common:19.5.0] AndroidManifest.xml:44:17-121
68                android:value="com.google.firebase.components.ComponentRegistrar" />
68-->[com.google.firebase:firebase-common:19.5.0] AndroidManifest.xml:45:17-82
69        </service>
70
71        <activity
71-->[com.google.firebase:firebase-auth:19.2.0] AndroidManifest.xml:24:9-31:50
72            android:name="com.google.firebase.auth.internal.FederatedSignInActivity"
72-->[com.google.firebase:firebase-auth:19.2.0] AndroidManifest.xml:25:13-85
73            android:excludeFromRecents="true"
73-->[com.google.firebase:firebase-auth:19.2.0] AndroidManifest.xml:26:13-46
74            android:exported="true"
74-->[com.google.firebase:firebase-auth:19.2.0] AndroidManifest.xml:27:13-36
75            android:launchMode="singleTask"
75-->[com.google.firebase:firebase-auth:19.2.0] AndroidManifest.xml:28:13-44
76            android:permission="com.google.firebase.auth.api.gms.permission.LAUNCH_FEDERATED_SIGN_IN"
76-->[com.google.firebase:firebase-auth:19.2.0] AndroidManifest.xml:29:13-102
77            android:theme="@android:style/Theme.Translucent.NoTitleBar" />
77-->[com.google.firebase:firebase-auth:19.2.0] AndroidManifest.xml:30:13-72
78
79        <provider
79-->[com.google.firebase:firebase-common:19.5.0] AndroidManifest.xml:26:9-31:39
80            android:name="com.google.firebase.provider.FirebaseInitProvider"
80-->[com.google.firebase:firebase-common:19.5.0] AndroidManifest.xml:27:13-77
81            android:authorities="com.example.club.firebaseinitprovider"
81-->[com.google.firebase:firebase-common:19.5.0] AndroidManifest.xml:28:13-72
82            android:directBootAware="true"
82-->[com.google.firebase:firebase-common:19.5.0] AndroidManifest.xml:29:13-43
83            android:exported="false"
83-->[com.google.firebase:firebase-common:19.5.0] AndroidManifest.xml:30:13-37
84            android:initOrder="100" />
84-->[com.google.firebase:firebase-common:19.5.0] AndroidManifest.xml:31:13-36
85
86        <activity
86-->[com.google.android.gms:play-services-base:17.1.0] AndroidManifest.xml:23:9-26:75
87            android:name="com.google.android.gms.common.api.GoogleApiActivity"
87-->[com.google.android.gms:play-services-base:17.1.0] AndroidManifest.xml:24:13-79
88            android:exported="false"
88-->[com.google.android.gms:play-services-base:17.1.0] AndroidManifest.xml:25:13-37
89            android:theme="@android:style/Theme.Translucent.NoTitleBar" />
89-->[com.google.android.gms:play-services-base:17.1.0] AndroidManifest.xml:26:13-72
90
91        <meta-data
91-->[com.google.android.gms:play-services-basement:17.0.0] AndroidManifest.xml:23:9-25:69
92            android:name="com.google.android.gms.version"
92-->[com.google.android.gms:play-services-basement:17.0.0] AndroidManifest.xml:24:13-58
93            android:value="@integer/google_play_services_version" />
93-->[com.google.android.gms:play-services-basement:17.0.0] AndroidManifest.xml:25:13-66
94    </application>
95
96</manifest>